0 info it worked if it ends with ok
1 verbose cli [ '/usr/local/Cellar/node/0.10.26/bin/node',
1 verbose cli   '/usr/local/bin/npm',
1 verbose cli   'start' ]
2 info using npm@1.4.3
3 info using node@v0.10.26
4 verbose run-script [ 'prestart', 'start', 'poststart' ]
5 info prestart PMS@0.0.1
6 info start PMS@0.0.1
7 verbose unsafe-perm in lifecycle true
8 info PMS@0.0.1 Failed to exec start script
9 error PMS@0.0.1 start: `./node-webkit.app/Contents/MacOS/node-webkit pms.nw`
9 error Exit status 5
10 error Failed at the PMS@0.0.1 start script.
10 error This is most likely a problem with the PMS package,
10 error not with npm itself.
10 error Tell the author that this fails on your system:
10 error     ./node-webkit.app/Contents/MacOS/node-webkit pms.nw
10 error You can get their info via:
10 error     npm owner ls PMS
10 error There is likely additional logging output above.
11 error System Darwin 13.1.0
12 error command "/usr/local/Cellar/node/0.10.26/bin/node" "/usr/local/bin/npm" "start"
13 error cwd /Users/emerson/Code/secretsquirrel-desktop
14 error node -v v0.10.26
15 error npm -v 1.4.3
16 error code ELIFECYCLE
17 verbose exit [ 1, true ]
